[2025-08-10 07:00:00] local.ERROR: Uncaught ReflectionException: Class "App\Http\Middleware\CheckPlan" does not exist in Command line code:1
Stack trace:
#0 Command line code(1): ReflectionMethod->__construct()
#1 {main}
  thrown {"exception":"[object] (Symfony\\Component\\ErrorHandler\\Error\\FatalError(code: 0): Uncaught ReflectionException: Class \"App\\Http\\Middleware\\CheckPlan\" does not exist in Command line code:1
Stack trace:
#0 Command line code(1): ReflectionMethod->__construct()
#1 {main}
  thrown at Command line code:1)
[stacktrace]
#0 {main}
"} 
[2025-08-10 12:19:59] local.ERROR: Uncaught ReflectionException: Class "App\Http\Middleware\CheckPlan" does not exist in Command line code:1
Stack trace:
#0 Command line code(1): ReflectionMethod->__construct()
#1 {main}
  thrown {"exception":"[object] (Symfony\\Component\\ErrorHandler\\Error\\FatalError(code: 0): Uncaught ReflectionException: Class \"App\\Http\\Middleware\\CheckPlan\" does not exist in Command line code:1
Stack trace:
#0 Command line code(1): ReflectionMethod->__construct()
#1 {main}
  thrown at Command line code:1)
[stacktrace]
#0 {main}
"} 
[2025-08-11 07:44:26] local.ERROR: Uncaught ReflectionException: Class "App\Http\Middleware\CheckPlan" does not exist in Command line code:1
Stack trace:
#0 Command line code(1): ReflectionMethod->__construct()
#1 {main}
  thrown {"exception":"[object] (Symfony\\Component\\ErrorHandler\\Error\\FatalError(code: 0): Uncaught ReflectionException: Class \"App\\Http\\Middleware\\CheckPlan\" does not exist in Command line code:1
Stack trace:
#0 Command line code(1): ReflectionMethod->__construct()
#1 {main}
  thrown at Command line code:1)
[stacktrace]
#0 {main}
"} 
[2025-08-11 18:04:35] local.ERROR: Uncaught ReflectionException: Class "App\Http\Middleware\CheckPlan" does not exist in Command line code:1
Stack trace:
#0 Command line code(1): ReflectionMethod->__construct()
#1 {main}
  thrown {"exception":"[object] (Symfony\\Component\\ErrorHandler\\Error\\FatalError(code: 0): Uncaught ReflectionException: Class \"App\\Http\\Middleware\\CheckPlan\" does not exist in Command line code:1
Stack trace:
#0 Command line code(1): ReflectionMethod->__construct()
#1 {main}
  thrown at Command line code:1)
[stacktrace]
#0 {main}
"} 
[2025-08-12 11:20:12] local.ERROR: Uncaught ReflectionException: Class "App\Http\Middleware\CheckPlan" does not exist in Command line code:1
Stack trace:
#0 Command line code(1): ReflectionMethod->__construct()
#1 {main}
  thrown {"exception":"[object] (Symfony\\Component\\ErrorHandler\\Error\\FatalError(code: 0): Uncaught ReflectionException: Class \"App\\Http\\Middleware\\CheckPlan\" does not exist in Command line code:1
Stack trace:
#0 Command line code(1): ReflectionMethod->__construct()
#1 {main}
  thrown at Command line code:1)
[stacktrace]
#0 {main}
"} 
[2025-08-12 16:50:00] local.ERROR: Uncaught ReflectionException: Class "App\Http\Middleware\CheckPlan" does not exist in Command line code:1
Stack trace:
#0 Command line code(1): ReflectionMethod->__construct()
#1 {main}
  thrown {"exception":"[object] (Symfony\\Component\\ErrorHandler\\Error\\FatalError(code: 0): Uncaught ReflectionException: Class \"App\\Http\\Middleware\\CheckPlan\" does not exist in Command line code:1
Stack trace:
#0 Command line code(1): ReflectionMethod->__construct()
#1 {main}
  thrown at Command line code:1)
[stacktrace]
#0 {main}
"} 
[2025-08-13 08:21:32] local.ERROR: Uncaught ReflectionException: Class "App\Http\Middleware\CheckPlan" does not exist in Command line code:1
Stack trace:
#0 Command line code(1): ReflectionMethod->__construct()
#1 {main}
  thrown {"exception":"[object] (Symfony\\Component\\ErrorHandler\\Error\\FatalError(code: 0): Uncaught ReflectionException: Class \"App\\Http\\Middleware\\CheckPlan\" does not exist in Command line code:1
Stack trace:
#0 Command line code(1): ReflectionMethod->__construct()
#1 {main}
  thrown at Command line code:1)
[stacktrace]
#0 {main}
"} 
[2025-08-13 10:40:59] local.ERROR: Uncaught ReflectionException: Class "App\Http\Middleware\CheckPlan" does not exist in Command line code:1
Stack trace:
#0 Command line code(1): ReflectionMethod->__construct()
#1 {main}
  thrown {"exception":"[object] (Symfony\\Component\\ErrorHandler\\Error\\FatalError(code: 0): Uncaught ReflectionException: Class \"App\\Http\\Middleware\\CheckPlan\" does not exist in Command line code:1
Stack trace:
#0 Command line code(1): ReflectionMethod->__construct()
#1 {main}
  thrown at Command line code:1)
[stacktrace]
#0 {main}
"} 
[2025-08-13 20:17:44] local.ERROR: Uncaught ReflectionException: Class "App\Http\Middleware\CheckPlan" does not exist in Command line code:1
Stack trace:
#0 Command line code(1): ReflectionMethod->__construct()
#1 {main}
  thrown {"exception":"[object] (Symfony\\Component\\ErrorHandler\\Error\\FatalError(code: 0): Uncaught ReflectionException: Class \"App\\Http\\Middleware\\CheckPlan\" does not exist in Command line code:1
Stack trace:
#0 Command line code(1): ReflectionMethod->__construct()
#1 {main}
  thrown at Command line code:1)
[stacktrace]
#0 {main}
"} 
[2025-08-14 07:52:40] local.ERROR: Uncaught ReflectionException: Class "App\Http\Middleware\CheckPlan" does not exist in Command line code:1
Stack trace:
#0 Command line code(1): ReflectionMethod->__construct()
#1 {main}
  thrown {"exception":"[object] (Symfony\\Component\\ErrorHandler\\Error\\FatalError(code: 0): Uncaught ReflectionException: Class \"App\\Http\\Middleware\\CheckPlan\" does not exist in Command line code:1
Stack trace:
#0 Command line code(1): ReflectionMethod->__construct()
#1 {main}
  thrown at Command line code:1)
[stacktrace]
#0 {main}
"} 
[2025-08-15 06:33:21] local.ERROR: Uncaught ReflectionException: Class "App\Http\Middleware\CheckPlan" does not exist in Command line code:1
Stack trace:
#0 Command line code(1): ReflectionMethod->__construct()
#1 {main}
  thrown {"exception":"[object] (Symfony\\Component\\ErrorHandler\\Error\\FatalError(code: 0): Uncaught ReflectionException: Class \"App\\Http\\Middleware\\CheckPlan\" does not exist in Command line code:1
Stack trace:
#0 Command line code(1): ReflectionMethod->__construct()
#1 {main}
  thrown at Command line code:1)
[stacktrace]
#0 {main}
"} 
[2025-08-18 15:28:00] local.ERROR: Uncaught ReflectionException: Class "App\Http\Middleware\CheckPlan" does not exist in Command line code:1
Stack trace:
#0 Command line code(1): ReflectionMethod->__construct()
#1 {main}
  thrown {"exception":"[object] (Symfony\\Component\\ErrorHandler\\Error\\FatalError(code: 0): Uncaught ReflectionException: Class \"App\\Http\\Middleware\\CheckPlan\" does not exist in Command line code:1
Stack trace:
#0 Command line code(1): ReflectionMethod->__construct()
#1 {main}
  thrown at Command line code:1)
[stacktrace]
#0 {main}
"} 
[2025-08-19 16:18:01] local.ERROR: Uncaught ReflectionException: Class "App\Http\Middleware\CheckPlan" does not exist in Command line code:1
Stack trace:
#0 Command line code(1): ReflectionMethod->__construct()
#1 {main}
  thrown {"exception":"[object] (Symfony\\Component\\ErrorHandler\\Error\\FatalError(code: 0): Uncaught ReflectionException: Class \"App\\Http\\Middleware\\CheckPlan\" does not exist in Command line code:1
Stack trace:
#0 Command line code(1): ReflectionMethod->__construct()
#1 {main}
  thrown at Command line code:1)
[stacktrace]
#0 {main}
"} 
[2025-08-20 18:04:11] local.ERROR: Uncaught ReflectionException: Class "App\Http\Middleware\CheckPlan" does not exist in Command line code:1
Stack trace:
#0 Command line code(1): ReflectionMethod->__construct()
#1 {main}
  thrown {"exception":"[object] (Symfony\\Component\\ErrorHandler\\Error\\FatalError(code: 0): Uncaught ReflectionException: Class \"App\\Http\\Middleware\\CheckPlan\" does not exist in Command line code:1
Stack trace:
#0 Command line code(1): ReflectionMethod->__construct()
#1 {main}
  thrown at Command line code:1)
[stacktrace]
#0 {main}
"} 
[2025-08-21 05:50:43] local.ERROR: Uncaught ReflectionException: Class "App\Http\Middleware\CheckPlan" does not exist in Command line code:1
Stack trace:
#0 Command line code(1): ReflectionMethod->__construct()
#1 {main}
  thrown {"exception":"[object] (Symfony\\Component\\ErrorHandler\\Error\\FatalError(code: 0): Uncaught ReflectionException: Class \"App\\Http\\Middleware\\CheckPlan\" does not exist in Command line code:1
Stack trace:
#0 Command line code(1): ReflectionMethod->__construct()
#1 {main}
  thrown at Command line code:1)
[stacktrace]
#0 {main}
"} 
[2025-08-21 08:19:20] local.ERROR: Uncaught ReflectionException: Class "App\Http\Middleware\CheckPlan" does not exist in Command line code:1
Stack trace:
#0 Command line code(1): ReflectionMethod->__construct()
#1 {main}
  thrown {"exception":"[object] (Symfony\\Component\\ErrorHandler\\Error\\FatalError(code: 0): Uncaught ReflectionException: Class \"App\\Http\\Middleware\\CheckPlan\" does not exist in Command line code:1
Stack trace:
#0 Command line code(1): ReflectionMethod->__construct()
#1 {main}
  thrown at Command line code:1)
[stacktrace]
#0 {main}
"} 
[2025-08-21 19:24:36] local.ERROR: Uncaught ReflectionException: Class "App\Http\Middleware\CheckPlan" does not exist in Command line code:1
Stack trace:
#0 Command line code(1): ReflectionMethod->__construct()
#1 {main}
  thrown {"exception":"[object] (Symfony\\Component\\ErrorHandler\\Error\\FatalError(code: 0): Uncaught ReflectionException: Class \"App\\Http\\Middleware\\CheckPlan\" does not exist in Command line code:1
Stack trace:
#0 Command line code(1): ReflectionMethod->__construct()
#1 {main}
  thrown at Command line code:1)
[stacktrace]
#0 {main}
"} 
[2025-08-21 19:32:22] local.ERROR: Uncaught ReflectionException: Class "App\Http\Middleware\CheckPlan" does not exist in Command line code:1
Stack trace:
#0 Command line code(1): ReflectionMethod->__construct()
#1 {main}
  thrown {"exception":"[object] (Symfony\\Component\\ErrorHandler\\Error\\FatalError(code: 0): Uncaught ReflectionException: Class \"App\\Http\\Middleware\\CheckPlan\" does not exist in Command line code:1
Stack trace:
#0 Command line code(1): ReflectionMethod->__construct()
#1 {main}
  thrown at Command line code:1)
[stacktrace]
#0 {main}
"} 
[2025-08-24 15:32:45] local.ERROR: Uncaught ReflectionException: Class "App\Http\Middleware\CheckPlan" does not exist in Command line code:1
Stack trace:
#0 Command line code(1): ReflectionMethod->__construct()
#1 {main}
  thrown {"exception":"[object] (Symfony\\Component\\ErrorHandler\\Error\\FatalError(code: 0): Uncaught ReflectionException: Class \"App\\Http\\Middleware\\CheckPlan\" does not exist in Command line code:1
Stack trace:
#0 Command line code(1): ReflectionMethod->__construct()
#1 {main}
  thrown at Command line code:1)
[stacktrace]
#0 {main}
"} 
[2025-09-03 12:47:58] local.ERROR: Uncaught ReflectionException: Class "App\Http\Middleware\CheckPlan" does not exist in Command line code:1
Stack trace:
#0 Command line code(1): ReflectionMethod->__construct()
#1 {main}
  thrown {"exception":"[object] (Symfony\\Component\\ErrorHandler\\Error\\FatalError(code: 0): Uncaught ReflectionException: Class \"App\\Http\\Middleware\\CheckPlan\" does not exist in Command line code:1
Stack trace:
#0 Command line code(1): ReflectionMethod->__construct()
#1 {main}
  thrown at Command line code:1)
[stacktrace]
#0 {main}
"} 
[2025-09-03 12:58:40] local.ERROR: Uncaught ReflectionException: Class "App\Http\Middleware\CheckPlan" does not exist in Command line code:1
Stack trace:
#0 Command line code(1): ReflectionMethod->__construct()
#1 {main}
  thrown {"exception":"[object] (Symfony\\Component\\ErrorHandler\\Error\\FatalError(code: 0): Uncaught ReflectionException: Class \"App\\Http\\Middleware\\CheckPlan\" does not exist in Command line code:1
Stack trace:
#0 Command line code(1): ReflectionMethod->__construct()
#1 {main}
  thrown at Command line code:1)
[stacktrace]
#0 {main}
"} 
[2025-11-18 16:40:01] local.ERROR: Undefined array key "country" {"exception":"[object] (ErrorException(code: 0): Undefined array key \"country\" at /home/mmconnect/Desktop/desktop/my project/SmartHR/irad.smarthr.co.tz/app/Http/Controllers/SettingsController.php:1866)
[stacktrace]
#0 /home/mmconnect/Desktop/desktop/my project/SmartHR/irad.smarthr.co.tz/vendor/laravel/framework/src/Illuminate/Foundation/Bootstrap/HandleExceptions.php(254): Illuminate\\Foundation\\Bootstrap\\HandleExceptions->handleError()
#1 /home/mmconnect/Desktop/desktop/my project/SmartHR/irad.smarthr.co.tz/app/Http/Controllers/SettingsController.php(1866): Illuminate\\Foundation\\Bootstrap\\HandleExceptions->Illuminate\\Foundation\\Bootstrap\\{closure}()
#2 /home/mmconnect/Desktop/desktop/my project/SmartHR/irad.smarthr.co.tz/vendor/laravel/framework/src/Illuminate/Routing/Controller.php(54): App\\Http\\Controllers\\SettingsController->CookieConsent()
#3 /home/mmconnect/Desktop/desktop/my project/SmartHR/irad.smarthr.co.tz/vendor/laravel/framework/src/Illuminate/Routing/ControllerDispatcher.php(43): Illuminate\\Routing\\Controller->callAction()
#4 /home/mmconnect/Desktop/desktop/my project/SmartHR/irad.smarthr.co.tz/vendor/laravel/framework/src/Illuminate/Routing/Route.php(259): Illuminate\\Routing\\ControllerDispatcher->dispatch()
#5 /home/mmconnect/Desktop/desktop/my project/SmartHR/irad.smarthr.co.tz/vendor/laravel/framework/src/Illuminate/Routing/Route.php(205): Illuminate\\Routing\\Route->runController()
#6 /home/mmconnect/Desktop/desktop/my project/SmartHR/irad.smarthr.co.tz/vendor/laravel/framework/src/Illuminate/Routing/Router.php(798): Illuminate\\Routing\\Route->run()
#7 /home/mmconnect/Desktop/desktop/my project/SmartHR/irad.smarthr.co.tz/vendor/laravel/framework/src/Illuminate/Pipeline/Pipeline.php(141): Illuminate\\Routing\\Router->Illuminate\\Routing\\{closure}()
#8 /home/mmconnect/Desktop/desktop/my project/SmartHR/irad.smarthr.co.tz/vendor/laravel/framework/src/Illuminate/Routing/Middleware/SubstituteBindings.php(50): Illuminate\\Pipeline\\Pipeline->Illuminate\\Pipeline\\{closure}()
#9 /home/mmconnect/Desktop/desktop/my project/SmartHR/irad.smarthr.co.tz/vendor/laravel/framework/src/Illuminate/Pipeline/Pipeline.php(180): Illuminate\\Routing\\Middleware\\SubstituteBindings->handle()
#10 /home/mmconnect/Desktop/desktop/my project/SmartHR/irad.smarthr.co.tz/vendor/laravel/framework/src/Illuminate/Foundation/Http/Middleware/VerifyCsrfToken.php(78): Illuminate\\Pipeline\\Pipeline->Illuminate\\Pipeline\\{closure}()
#11 /home/mmconnect/Desktop/desktop/my project/SmartHR/irad.smarthr.co.tz/vendor/laravel/framework/src/Illuminate/Pipeline/Pipeline.php(180): Illuminate\\Foundation\\Http\\Middleware\\VerifyCsrfToken->handle()
#12 /home/mmconnect/Desktop/desktop/my project/SmartHR/irad.smarthr.co.tz/vendor/laravel/framework/src/Illuminate/View/Middleware/ShareErrorsFromSession.php(49): Illuminate\\Pipeline\\Pipeline->Illuminate\\Pipeline\\{closure}()
#13 /home/mmconnect/Desktop/desktop/my project/SmartHR/irad.smarthr.co.tz/vendor/laravel/framework/src/Illuminate/Pipeline/Pipeline.php(180): Illuminate\\View\\Middleware\\ShareErrorsFromSession->handle()
#14 /home/mmconnect/Desktop/desktop/my project/SmartHR/irad.smarthr.co.tz/vendor/laravel/framework/src/Illuminate/Session/Middleware/StartSession.php(121): Illuminate\\Pipeline\\Pipeline->Illuminate\\Pipeline\\{closure}()
#15 /home/mmconnect/Desktop/desktop/my project/SmartHR/irad.smarthr.co.tz/vendor/laravel/framework/src/Illuminate/Session/Middleware/StartSession.php(64): Illuminate\\Session\\Middleware\\StartSession->handleStatefulRequest()
#16 /home/mmconnect/Desktop/desktop/my project/SmartHR/irad.smarthr.co.tz/vendor/laravel/framework/src/Illuminate/Pipeline/Pipeline.php(180): Illuminate\\Session\\Middleware\\StartSession->handle()
#17 /home/mmconnect/Desktop/desktop/my project/SmartHR/irad.smarthr.co.tz/vendor/laravel/framework/src/Illuminate/Cookie/Middleware/AddQueuedCookiesToResponse.php(37): Illuminate\\Pipeline\\Pipeline->Illuminate\\Pipeline\\{closure}()
#18 /home/mmconnect/Desktop/desktop/my project/SmartHR/irad.smarthr.co.tz/vendor/laravel/framework/src/Illuminate/Pipeline/Pipeline.php(180): Illuminate\\Cookie\\Middleware\\AddQueuedCookiesToResponse->handle()
#19 /home/mmconnect/Desktop/desktop/my project/SmartHR/irad.smarthr.co.tz/vendor/laravel/framework/src/Illuminate/Cookie/Middleware/EncryptCookies.php(67): Illuminate\\Pipeline\\Pipeline->Illuminate\\Pipeline\\{closure}()
#20 /home/mmconnect/Desktop/desktop/my project/SmartHR/irad.smarthr.co.tz/vendor/laravel/framework/src/Illuminate/Pipeline/Pipeline.php(180): Illuminate\\Cookie\\Middleware\\EncryptCookies->handle()
#21 /home/mmconnect/Desktop/desktop/my project/SmartHR/irad.smarthr.co.tz/vendor/laravel/framework/src/Illuminate/Pipeline/Pipeline.php(116): Illuminate\\Pipeline\\Pipeline->Illuminate\\Pipeline\\{closure}()
#22 /home/mmconnect/Desktop/desktop/my project/SmartHR/irad.smarthr.co.tz/vendor/laravel/framework/src/Illuminate/Routing/Router.php(797): Illuminate\\Pipeline\\Pipeline->then()
#23 /home/mmconnect/Desktop/desktop/my project/SmartHR/irad.smarthr.co.tz/vendor/laravel/framework/src/Illuminate/Routing/Router.php(776): Illuminate\\Routing\\Router->runRouteWithinStack()
#24 /home/mmconnect/Desktop/desktop/my project/SmartHR/irad.smarthr.co.tz/vendor/laravel/framework/src/Illuminate/Routing/Router.php(740): Illuminate\\Routing\\Router->runRoute()
#25 /home/mmconnect/Desktop/desktop/my project/SmartHR/irad.smarthr.co.tz/vendor/laravel/framework/src/Illuminate/Routing/Router.php(729): Illuminate\\Routing\\Router->dispatchToRoute()
#26 /home/mmconnect/Desktop/desktop/my project/SmartHR/irad.smarthr.co.tz/vendor/laravel/framework/src/Illuminate/Foundation/Http/Kernel.php(200): Illuminate\\Routing\\Router->dispatch()
#27 /home/mmconnect/Desktop/desktop/my project/SmartHR/irad.smarthr.co.tz/vendor/laravel/framework/src/Illuminate/Pipeline/Pipeline.php(141): Illuminate\\Foundation\\Http\\Kernel->Illuminate\\Foundation\\Http\\{closure}()
#28 /home/mmconnect/Desktop/desktop/my project/SmartHR/irad.smarthr.co.tz/vendor/barryvdh/laravel-debugbar/src/Middleware/InjectDebugbar.php(59): Illuminate\\Pipeline\\Pipeline->Illuminate\\Pipeline\\{closure}()
#29 /home/mmconnect/Desktop/desktop/my project/SmartHR/irad.smarthr.co.tz/vendor/laravel/framework/src/Illuminate/Pipeline/Pipeline.php(180): Barryvdh\\Debugbar\\Middleware\\InjectDebugbar->handle()
#30 /home/mmconnect/Desktop/desktop/my project/SmartHR/irad.smarthr.co.tz/vendor/laravel/framework/src/Illuminate/Foundation/Http/Middleware/TransformsRequest.php(21): Illuminate\\Pipeline\\Pipeline->Illuminate\\Pipeline\\{closure}()
#31 /home/mmconnect/Desktop/desktop/my project/SmartHR/irad.smarthr.co.tz/vendor/laravel/framework/src/Illuminate/Foundation/Http/Middleware/ConvertEmptyStringsToNull.php(31): Illuminate\\Foundation\\Http\\Middleware\\TransformsRequest->handle()
#32 /home/mmconnect/Desktop/desktop/my project/SmartHR/irad.smarthr.co.tz/vendor/laravel/framework/src/Illuminate/Pipeline/Pipeline.php(180): Illuminate\\Foundation\\Http\\Middleware\\ConvertEmptyStringsToNull->handle()
#33 /home/mmconnect/Desktop/desktop/my project/SmartHR/irad.smarthr.co.tz/vendor/laravel/framework/src/Illuminate/Foundation/Http/Middleware/TransformsRequest.php(21): Illuminate\\Pipeline\\Pipeline->Illuminate\\Pipeline\\{closure}()
#34 /home/mmconnect/Desktop/desktop/my project/SmartHR/irad.smarthr.co.tz/vendor/laravel/framework/src/Illuminate/Foundation/Http/Middleware/TrimStrings.php(40): Illuminate\\Foundation\\Http\\Middleware\\TransformsRequest->handle()
#35 /home/mmconnect/Desktop/desktop/my project/SmartHR/irad.smarthr.co.tz/vendor/laravel/framework/src/Illuminate/Pipeline/Pipeline.php(180): Illuminate\\Foundation\\Http\\Middleware\\TrimStrings->handle()
#36 /home/mmconnect/Desktop/desktop/my project/SmartHR/irad.smarthr.co.tz/vendor/laravel/framework/src/Illuminate/Foundation/Http/Middleware/ValidatePostSize.php(27): Illuminate\\Pipeline\\Pipeline->Illuminate\\Pipeline\\{closure}()
#37 /home/mmconnect/Desktop/desktop/my project/SmartHR/irad.smarthr.co.tz/vendor/laravel/framework/src/Illuminate/Pipeline/Pipeline.php(180): Illuminate\\Foundation\\Http\\Middleware\\ValidatePostSize->handle()
#38 /home/mmconnect/Desktop/desktop/my project/SmartHR/irad.smarthr.co.tz/vendor/laravel/framework/src/Illuminate/Foundation/Http/Middleware/PreventRequestsDuringMaintenance.php(99): Illuminate\\Pipeline\\Pipeline->Illuminate\\Pipeline\\{closure}()
#39 /home/mmconnect/Desktop/desktop/my project/SmartHR/irad.smarthr.co.tz/vendor/laravel/framework/src/Illuminate/Pipeline/Pipeline.php(180): Illuminate\\Foundation\\Http\\Middleware\\PreventRequestsDuringMaintenance->handle()
#40 /home/mmconnect/Desktop/desktop/my project/SmartHR/irad.smarthr.co.tz/vendor/laravel/framework/src/Illuminate/Http/Middleware/TrustProxies.php(39): Illuminate\\Pipeline\\Pipeline->Illuminate\\Pipeline\\{closure}()
#41 /home/mmconnect/Desktop/desktop/my project/SmartHR/irad.smarthr.co.tz/vendor/laravel/framework/src/Illuminate/Pipeline/Pipeline.php(180): Illuminate\\Http\\Middleware\\TrustProxies->handle()
#42 /home/mmconnect/Desktop/desktop/my project/SmartHR/irad.smarthr.co.tz/vendor/laravel/framework/src/Illuminate/Pipeline/Pipeline.php(116): Illuminate\\Pipeline\\Pipeline->Illuminate\\Pipeline\\{closure}()
#43 /home/mmconnect/Desktop/desktop/my project/SmartHR/irad.smarthr.co.tz/vendor/laravel/framework/src/Illuminate/Foundation/Http/Kernel.php(175): Illuminate\\Pipeline\\Pipeline->then()
#44 /home/mmconnect/Desktop/desktop/my project/SmartHR/irad.smarthr.co.tz/vendor/laravel/framework/src/Illuminate/Foundation/Http/Kernel.php(144): Illuminate\\Foundation\\Http\\Kernel->sendRequestThroughRouter()
#45 /home/mmconnect/Desktop/desktop/my project/SmartHR/irad.smarthr.co.tz/public/index.php(51): Illuminate\\Foundation\\Http\\Kernel->handle()
#46 /home/mmconnect/Desktop/desktop/my project/SmartHR/irad.smarthr.co.tz/vendor/laravel/framework/src/Illuminate/Foundation/resources/server.php(16): require_once('...')
#47 {main}
"} 
